0 info it worked if it ends with ok
1 verbose cli [ '/Users/DanWahlin/.nvm/versions/node/v5.1.0/bin/node',
1 verbose cli   '/Users/DanWahlin/.nvm/versions/node/v5.1.0/bin/npm',
1 verbose cli   'start',
1 verbose cli   'tsc' ]
2 info using npm@3.3.12
3 info using node@v5.1.0
4 verbose run-script [ 'prestart', 'start', 'poststart' ]
5 info lifecycle angular2-starter@0.8.0~prestart: angular2-starter@0.8.0
6 silly lifecycle angular2-starter@0.8.0~prestart: no script for prestart, continuing
7 info lifecycle angular2-starter@0.8.0~start: angular2-starter@0.8.0
8 verbose lifecycle angular2-starter@0.8.0~start: unsafe-perm in lifecycle true
9 verbose lifecycle angular2-starter@0.8.0~start: PATH: /Users/DanWahlin/.nvm/versions/node/v5.1.0/lib/node_modules/npm/bin/node-gyp-bin:/Users/DanWahlin/Dropbox/Projects/GitHub/Angular2-JumpStart/node_modules/.bin:/Users/DanWahlin/.nvm/versions/node/v5.1.0/bin:/usr/local/bin:/usr/local/bin:/usr/bin:/bin:/usr/sbin:/sbin:/opt/X11/bin
10 verbose lifecycle angular2-starter@0.8.0~start: CWD: /Users/DanWahlin/Dropbox/Projects/GitHub/Angular2-JumpStart
11 silly lifecycle angular2-starter@0.8.0~start: Args: [ '-c', 'live-server --open=src "tsc"' ]
12 silly lifecycle angular2-starter@0.8.0~start: Returned: code: 1  signal: null
13 info lifecycle angular2-starter@0.8.0~start: Failed to exec start script
14 verbose stack Error: angular2-starter@0.8.0 start: `live-server --open=src "tsc"`
14 verbose stack Exit status 1
14 verbose stack     at EventEmitter.<anonymous> (/Users/DanWahlin/.nvm/versions/node/v5.1.0/lib/node_modules/npm/lib/utils/lifecycle.js:232:16)
14 verbose stack     at emitTwo (events.js:87:13)
14 verbose stack     at EventEmitter.emit (events.js:172:7)
14 verbose stack     at ChildProcess.<anonymous> (/Users/DanWahlin/.nvm/versions/node/v5.1.0/lib/node_modules/npm/lib/utils/spawn.js:24:14)
14 verbose stack     at emitTwo (events.js:87:13)
14 verbose stack     at ChildProcess.emit (events.js:172:7)
14 verbose stack     at maybeClose (internal/child_process.js:818:16)
14 verbose stack     at Process.ChildProcess._handle.onexit (internal/child_process.js:211:5)
15 verbose pkgid angular2-starter@0.8.0
16 verbose cwd /Users/DanWahlin/Dropbox/Projects/GitHub/Angular2-JumpStart
17 error Darwin 15.2.0
18 error argv "/Users/DanWahlin/.nvm/versions/node/v5.1.0/bin/node" "/Users/DanWahlin/.nvm/versions/node/v5.1.0/bin/npm" "start" "tsc"
19 error node v5.1.0
20 error npm  v3.3.12
21 error code ELIFECYCLE
22 error angular2-starter@0.8.0 start: `live-server --open=src "tsc"`
22 error Exit status 1
23 error Failed at the angular2-starter@0.8.0 start script 'live-server --open=src "tsc"'.
23 error Make sure you have the latest version of node.js and npm installed.
23 error If you do, this is most likely a problem with the angular2-starter package,
23 error not with npm itself.
23 error Tell the author that this fails on your system:
23 error     live-server --open=src "tsc"
23 error You can get their info via:
23 error     npm owner ls angular2-starter
23 error There is likely additional logging output above.
24 verbose exit [ 1, true ]
